04-01-2018 22:14:41.702 [main] INFO  o.s.c.c.c.ConfigServicePropertySourceLocator.locate - Fetching config from server at: http://localhost:8888
04-01-2018 22:14:44.367 [main] INFO  o.s.c.c.c.ConfigServicePropertySourceLocator.locate - Located environment: name=Landscape-Eureka-Service, profiles=[default], label=null, version=d50b592af9e240f126c46c4e5271d4ef8e051af9, state=null
04-01-2018 22:14:44.367 [main] INFO  o.s.c.b.c.PropertySourceBootstrapConfiguration.initialize - Located property source: CompositePropertySource [name='configService', propertySources=[MapPropertySource {name='configClient'}, MapPropertySource {name='file:/workspaces/Technologies/Microservice-Landscape/Microservice-Landscape/Landscape-config-repo/Landscape-Eureka-Service.properties'}]]
04-01-2018 22:14:44.393 [main] INFO  c.c.m.l.d.EurekaServerApplication.logStartupProfileInfo - No active profile set, falling back to default profiles: default
04-01-2018 22:14:44.406 [main] INFO  o.s.b.c.e.AnnotationConfigEmbeddedWebApplicationContext.prepareRefresh - Refreshing org.springframework.boot.context.embedded.AnnotationConfigEmbeddedWebApplicationContext@1d869bf: startup date [Thu Jan 04 22:14:44 ART 2018]; parent: org.springframework.context.annotation.AnnotationConfigApplicationContext@32f5e3
04-01-2018 22:14:45.210 [main] INFO  o.s.cloud.context.scope.GenericScope.setSerializationId - BeanFactory id=4f68aa3e-4fb8-3cd1-912f-bcb5d956ef5f
04-01-2018 22:14:45.224 [main] INFO  o.s.b.f.a.AutowiredAnnotationBeanPostProcessor.<init> - JSR-330 'javax.inject.Inject' annotation found and supported for autowiring
04-01-2018 22:14:45.277 [main] INFO  o.s.c.s.PostProcessorRegistrationDelegate$BeanPostProcessorChecker.postProcessAfterInitialization - Bean 'org.springframework.cloud.netflix.metrics.MetricsInterceptorConfiguration$MetricsRestTemplateConfiguration' of type [org.springframework.cloud.netflix.metrics.MetricsInterceptorConfiguration$MetricsRestTemplateConfiguration$$EnhancerBySpringCGLIB$$8e94d309] is not eligible for getting processed by all BeanPostProcessors (for example: not eligible for auto-proxying)
04-01-2018 22:14:45.284 [main] INFO  o.s.c.s.PostProcessorRegistrationDelegate$BeanPostProcessorChecker.postProcessAfterInitialization - Bean 'org.springframework.cloud.autoconfigure.ConfigurationPropertiesRebinderAutoConfiguration' of type [org.springframework.cloud.autoconfigure.ConfigurationPropertiesRebinderAutoConfiguration$$EnhancerBySpringCGLIB$$78822fc5] is not eligible for getting processed by all BeanPostProcessors (for example: not eligible for auto-proxying)
04-01-2018 22:14:46.028 [main] INFO  o.s.b.c.e.t.TomcatEmbeddedServletContainer.initialize - Tomcat initialized with port(s): 8761 (http)
04-01-2018 22:14:46.038 [main] INFO  o.a.catalina.core.StandardService.log - Starting service [Tomcat]
04-01-2018 22:14:46.039 [main] INFO  o.a.catalina.core.StandardEngine.log - Starting Servlet Engine: Apache Tomcat/8.5.23
04-01-2018 22:14:46.139 [localhost-startStop-1] INFO  o.a.c.c.C.[Tomcat].[localhost].[/].log - Initializing Spring embedded WebApplicationContext
04-01-2018 22:14:46.140 [localhost-startStop-1] INFO  o.s.web.context.ContextLoader.prepareEmbeddedWebApplicationContext - Root WebApplicationContext: initialization completed in 1734 ms
04-01-2018 22:14:46.801 [localhost-startStop-1] INFO  o.s.b.w.s.FilterRegistrationBean.configure - Mapping filter: 'metricsFilter' to: [/*]
04-01-2018 22:14:46.802 [localhost-startStop-1] INFO  o.s.b.w.s.FilterRegistrationBean.configure - Mapping filter: 'characterEncodingFilter' to: [/*]
04-01-2018 22:14:46.804 [localhost-startStop-1] INFO  o.s.b.w.s.FilterRegistrationBean.configure - Mapping filter: 'hiddenHttpMethodFilter' to: [/*]
04-01-2018 22:14:46.804 [localhost-startStop-1] INFO  o.s.b.w.s.FilterRegistrationBean.configure - Mapping filter: 'httpPutFormContentFilter' to: [/*]
04-01-2018 22:14:46.805 [localhost-startStop-1] INFO  o.s.b.w.s.FilterRegistrationBean.configure - Mapping filter: 'requestContextFilter' to: [/*]
04-01-2018 22:14:46.806 [localhost-startStop-1] INFO  o.s.b.w.s.FilterRegistrationBean.configure - Mapping filter: 'webRequestTraceFilter' to: [/*]
04-01-2018 22:14:46.807 [localhost-startStop-1] INFO  o.s.b.w.s.FilterRegistrationBean.configure - Mapping filter: 'servletContainer' to urls: [/eureka/*]
04-01-2018 22:14:46.808 [localhost-startStop-1] INFO  o.s.b.w.s.FilterRegistrationBean.configure - Mapping filter: 'applicationContextIdFilter' to: [/*]
04-01-2018 22:14:46.809 [localhost-startStop-1] INFO  o.s.b.w.s.ServletRegistrationBean.onStartup - Mapping servlet: 'dispatcherServlet' to [/]
04-01-2018 22:14:46.885 [localhost-startStop-1] INFO  c.s.j.s.i.a.WebApplicationImpl._initiate - Initiating Jersey application, version 'Jersey: 1.19.1 03/11/2016 02:08 PM'
04-01-2018 22:14:46.945 [localhost-startStop-1] INFO  c.n.d.p.DiscoveryJerseyProvider.<init> - Using JSON encoding codec LegacyJacksonJson
04-01-2018 22:14:46.947 [localhost-startStop-1] INFO  c.n.d.p.DiscoveryJerseyProvider.<init> - Using JSON decoding codec LegacyJacksonJson
04-01-2018 22:14:47.045 [localhost-startStop-1] INFO  c.n.d.p.DiscoveryJerseyProvider.<init> - Using XML encoding codec XStreamXml
04-01-2018 22:14:47.046 [localhost-startStop-1] INFO  c.n.d.p.DiscoveryJerseyProvider.<init> - Using XML decoding codec XStreamXml
04-01-2018 22:14:47.403 [main] WARN  c.n.c.sources.URLConfigurationSource.<init> - No URLs will be polled as dynamic configuration sources.
04-01-2018 22:14:47.403 [main] INFO  c.n.c.sources.URLConfigurationSource.<init> - To enable URLs as dynamic configuration sources, define System property archaius.configurationSource.additionalUrls or make config.properties available on classpath.
04-01-2018 22:14:47.410 [main] WARN  c.n.c.sources.URLConfigurationSource.<init> - No URLs will be polled as dynamic configuration sources.
04-01-2018 22:14:47.411 [main] INFO  c.n.c.sources.URLConfigurationSource.<init> - To enable URLs as dynamic configuration sources, define System property archaius.configurationSource.additionalUrls or make config.properties available on classpath.
04-01-2018 22:14:47.657 [main] INFO  o.s.w.s.m.m.a.RequestMappingHandlerAdapter.initControllerAdviceCache - Looking for @ControllerAdvice: org.springframework.boot.context.embedded.AnnotationConfigEmbeddedWebApplicationContext@1d869bf: startup date [Thu Jan 04 22:14:44 ART 2018]; parent: org.springframework.context.annotation.AnnotationConfigApplicationContext@32f5e3
04-01-2018 22:14:47.762 [main] INFO  o.s.w.s.m.m.a.RequestMappingHandlerMapping.register - Mapped "{[/error]}" onto public org.springframework.http.ResponseEntity<java.util.Map<java.lang.String, java.lang.Object>> org.springframework.boot.autoconfigure.web.BasicErrorController.error(javax.servlet.http.HttpServletRequest)
04-01-2018 22:14:47.763 [main] INFO  o.s.w.s.m.m.a.RequestMappingHandlerMapping.register - Mapped "{[/error],produces=[text/html]}" onto public org.springframework.web.servlet.ModelAndView org.springframework.boot.autoconfigure.web.BasicErrorController.errorHtml(javax.servlet.http.HttpServletRequest,javax.servlet.http.HttpServletResponse)
04-01-2018 22:14:47.770 [main] INFO  o.s.w.s.m.m.a.RequestMappingHandlerMapping.register - Mapped "{[/],methods=[GET]}" onto public java.lang.String org.springframework.cloud.netflix.eureka.server.EurekaController.status(javax.servlet.http.HttpServletRequest,java.util.Map<java.lang.String, java.lang.Object>)
04-01-2018 22:14:47.771 [main] INFO  o.s.w.s.m.m.a.RequestMappingHandlerMapping.register - Mapped "{[/lastn],methods=[GET]}" onto public java.lang.String org.springframework.cloud.netflix.eureka.server.EurekaController.lastn(javax.servlet.http.HttpServletRequest,java.util.Map<java.lang.String, java.lang.Object>)
04-01-2018 22:14:47.802 [main] INFO  o.s.w.s.h.SimpleUrlHandlerMapping.registerHandler - Mapped URL path [/webjars/**] onto handler of type [class org.springframework.web.servlet.resource.ResourceHttpRequestHandler]
04-01-2018 22:14:47.803 [main] INFO  o.s.w.s.h.SimpleUrlHandlerMapping.registerHandler - Mapped URL path [/**] onto handler of type [class org.springframework.web.servlet.resource.ResourceHttpRequestHandler]
04-01-2018 22:14:47.844 [main] INFO  o.s.w.s.h.SimpleUrlHandlerMapping.registerHandler - Mapped URL path [/**/favicon.ico] onto handler of type [class org.springframework.web.servlet.resource.ResourceHttpRequestHandler]
04-01-2018 22:14:49.986 [main] INFO  o.s.cloud.commons.util.InetUtils.convertAddress - Cannot determine local hostname
04-01-2018 22:14:52.200 [main] INFO  o.s.cloud.commons.util.InetUtils.convertAddress - Cannot determine local hostname
04-01-2018 22:14:52.547 [main] INFO  o.s.b.a.e.mvc.EndpointHandlerMapping.register - Mapped "{[/heapdump || /heapdump.json],methods=[GET],produces=[application/octet-stream]}" onto public void org.springframework.boot.actuate.endpoint.mvc.HeapdumpMvcEndpoint.invoke(boolean,javax.servlet.http.HttpServletRequest,javax.servlet.http.HttpServletResponse) throws java.io.IOException,javax.servlet.ServletException
04-01-2018 22:14:52.548 [main] INFO  o.s.b.a.e.mvc.EndpointHandlerMapping.register - Mapped "{[/health || /health.json],methods=[GET],produces=[application/vnd.spring-boot.actuator.v1+json || application/json]}" onto public java.lang.Object org.springframework.boot.actuate.endpoint.mvc.HealthMvcEndpoint.invoke(javax.servlet.http.HttpServletRequest,java.security.Principal)
04-01-2018 22:14:52.550 [main] INFO  o.s.b.a.e.mvc.EndpointHandlerMapping.register - Mapped "{[/refresh || /refresh.json],methods=[POST]}" onto public java.lang.Object org.springframework.cloud.endpoint.GenericPostableMvcEndpoint.invoke()
04-01-2018 22:14:52.551 [main] INFO  o.s.b.a.e.mvc.EndpointHandlerMapping.register - Mapped "{[/info || /info.json],methods=[GET],produces=[application/vnd.spring-boot.actuator.v1+json || application/json]}" onto public java.lang.Object org.springframework.boot.actuate.endpoint.mvc.EndpointMvcAdapter.invoke()
04-01-2018 22:14:52.552 [main] INFO  o.s.b.a.e.mvc.EndpointHandlerMapping.register - Mapped "{[/beans || /beans.json],methods=[GET],produces=[application/vnd.spring-boot.actuator.v1+json || application/json]}" onto public java.lang.Object org.springframework.boot.actuate.endpoint.mvc.EndpointMvcAdapter.invoke()
04-01-2018 22:14:52.553 [main] INFO  o.s.b.a.e.mvc.EndpointHandlerMapping.register - Mapped "{[/auditevents || /auditevents.json],methods=[GET],produces=[application/vnd.spring-boot.actuator.v1+json || application/json]}" onto public org.springframework.http.ResponseEntity<?> org.springframework.boot.actuate.endpoint.mvc.AuditEventsMvcEndpoint.findByPrincipalAndAfterAndType(java.lang.String,java.util.Date,java.lang.String)
04-01-2018 22:14:52.553 [main] INFO  o.s.b.a.e.mvc.EndpointHandlerMapping.register - Mapped "{[/metrics/{name:.*}],methods=[GET],produces=[application/vnd.spring-boot.actuator.v1+json || application/json]}" onto public java.lang.Object org.springframework.boot.actuate.endpoint.mvc.MetricsMvcEndpoint.value(java.lang.String)
04-01-2018 22:14:52.554 [main] INFO  o.s.b.a.e.mvc.EndpointHandlerMapping.register - Mapped "{[/metrics || /metrics.json],methods=[GET],produces=[application/vnd.spring-boot.actuator.v1+json || application/json]}" onto public java.lang.Object org.springframework.boot.actuate.endpoint.mvc.EndpointMvcAdapter.invoke()
04-01-2018 22:14:52.555 [main] INFO  o.s.b.a.e.mvc.EndpointHandlerMapping.register - Mapped "{[/features || /features.json],methods=[GET],produces=[application/vnd.spring-boot.actuator.v1+json || application/json]}" onto public java.lang.Object org.springframework.boot.actuate.endpoint.mvc.EndpointMvcAdapter.invoke()
04-01-2018 22:14:52.557 [main] INFO  o.s.b.a.e.mvc.EndpointHandlerMapping.register - Mapped "{[/dump || /dump.json],methods=[GET],produces=[application/vnd.spring-boot.actuator.v1+json || application/json]}" onto public java.lang.Object org.springframework.boot.actuate.endpoint.mvc.EndpointMvcAdapter.invoke()
04-01-2018 22:14:52.558 [main] INFO  o.s.b.a.e.mvc.EndpointHandlerMapping.register - Mapped "{[/archaius || /archaius.json],methods=[GET],produces=[application/vnd.spring-boot.actuator.v1+json || application/json]}" onto public java.lang.Object org.springframework.boot.actuate.endpoint.mvc.EndpointMvcAdapter.invoke()
04-01-2018 22:14:52.560 [main] INFO  o.s.b.a.e.mvc.EndpointHandlerMapping.register - Mapped "{[/logfile || /logfile.json],methods=[GET || HEAD]}" onto public void org.springframework.boot.actuate.endpoint.mvc.LogFileMvcEndpoint.invoke(javax.servlet.http.HttpServletRequest,javax.servlet.http.HttpServletResponse) throws javax.servlet.ServletException,java.io.IOException
04-01-2018 22:14:52.561 [main] INFO  o.s.b.a.e.mvc.EndpointHandlerMapping.register - Mapped "{[/env],methods=[POST]}" onto public java.lang.Object org.springframework.cloud.context.environment.EnvironmentManagerMvcEndpoint.value(java.util.Map<java.lang.String, java.lang.String>)
04-01-2018 22:14:52.562 [main] INFO  o.s.b.a.e.mvc.EndpointHandlerMapping.register - Mapped "{[/env/reset],methods=[POST]}" onto public java.util.Map<java.lang.String, java.lang.Object> org.springframework.cloud.context.environment.EnvironmentManagerMvcEndpoint.reset()
04-01-2018 22:14:52.570 [main] INFO  o.s.b.a.e.mvc.EndpointHandlerMapping.register - Mapped "{[/loggers/{name:.*}],methods=[GET],produces=[application/vnd.spring-boot.actuator.v1+json || application/json]}" onto public java.lang.Object org.springframework.boot.actuate.endpoint.mvc.LoggersMvcEndpoint.get(java.lang.String)
04-01-2018 22:14:52.571 [main] INFO  o.s.b.a.e.mvc.EndpointHandlerMapping.register - Mapped "{[/loggers/{name:.*}],methods=[POST],consumes=[application/vnd.spring-boot.actuator.v1+json || application/json],produces=[application/vnd.spring-boot.actuator.v1+json || application/json]}" onto public java.lang.Object org.springframework.boot.actuate.endpoint.mvc.LoggersMvcEndpoint.set(java.lang.String,java.util.Map<java.lang.String, java.lang.String>)
04-01-2018 22:14:52.572 [main] INFO  o.s.b.a.e.mvc.EndpointHandlerMapping.register - Mapped "{[/loggers || /loggers.json],methods=[GET],produces=[application/vnd.spring-boot.actuator.v1+json || application/json]}" onto public java.lang.Object org.springframework.boot.actuate.endpoint.mvc.EndpointMvcAdapter.invoke()
04-01-2018 22:14:52.573 [main] INFO  o.s.b.a.e.mvc.EndpointHandlerMapping.register - Mapped "{[/configprops || /configprops.json],methods=[GET],produces=[application/vnd.spring-boot.actuator.v1+json || application/json]}" onto public java.lang.Object org.springframework.boot.actuate.endpoint.mvc.EndpointMvcAdapter.invoke()
04-01-2018 22:14:52.574 [main] INFO  o.s.b.a.e.mvc.EndpointHandlerMapping.register - Mapped "{[/service-registry/instance-status],methods=[GET]}" onto public org.springframework.http.ResponseEntity org.springframework.cloud.client.serviceregistry.endpoint.ServiceRegistryEndpoint.getStatus()
04-01-2018 22:14:52.574 [main] INFO  o.s.b.a.e.mvc.EndpointHandlerMapping.register - Mapped "{[/service-registry/instance-status],methods=[POST]}" onto public org.springframework.http.ResponseEntity<?> org.springframework.cloud.client.serviceregistry.endpoint.ServiceRegistryEndpoint.setStatus(java.lang.String)
04-01-2018 22:14:52.575 [main] INFO  o.s.b.a.e.mvc.EndpointHandlerMapping.register - Mapped "{[/mappings || /mappings.json],methods=[GET],produces=[application/vnd.spring-boot.actuator.v1+json || application/json]}" onto public java.lang.Object org.springframework.boot.actuate.endpoint.mvc.EndpointMvcAdapter.invoke()
04-01-2018 22:14:52.576 [main] INFO  o.s.b.a.e.mvc.EndpointHandlerMapping.register - Mapped "{[/autoconfig || /autoconfig.json],methods=[GET],produces=[application/vnd.spring-boot.actuator.v1+json || application/json]}" onto public java.lang.Object org.springframework.boot.actuate.endpoint.mvc.EndpointMvcAdapter.invoke()
04-01-2018 22:14:52.577 [main] INFO  o.s.b.a.e.mvc.EndpointHandlerMapping.register - Mapped "{[/trace || /trace.json],methods=[GET],produces=[application/vnd.spring-boot.actuator.v1+json || application/json]}" onto public java.lang.Object org.springframework.boot.actuate.endpoint.mvc.EndpointMvcAdapter.invoke()
04-01-2018 22:14:52.578 [main] INFO  o.s.b.a.e.mvc.EndpointHandlerMapping.register - Mapped "{[/env/{name:.*}],methods=[GET],produces=[application/vnd.spring-boot.actuator.v1+json || application/json]}" onto public java.lang.Object org.springframework.boot.actuate.endpoint.mvc.EnvironmentMvcEndpoint.value(java.lang.String)
04-01-2018 22:14:52.578 [main] INFO  o.s.b.a.e.mvc.EndpointHandlerMapping.register - Mapped "{[/env || /env.json],methods=[GET],produces=[application/vnd.spring-boot.actuator.v1+json || application/json]}" onto public java.lang.Object org.springframework.boot.actuate.endpoint.mvc.EndpointMvcAdapter.invoke()
04-01-2018 22:14:52.681 [main] INFO  o.s.u.f.SpringTemplateLoader.<init> - SpringTemplateLoader for FreeMarker: using resource loader [org.springframework.boot.context.embedded.AnnotationConfigEmbeddedWebApplicationContext@1d869bf: startup date [Thu Jan 04 22:14:44 ART 2018]; parent: org.springframework.context.annotation.AnnotationConfigApplicationContext@32f5e3] and template loader path [classpath:/templates/]
04-01-2018 22:14:52.683 [main] INFO  o.s.w.s.v.f.FreeMarkerConfigurer.postProcessTemplateLoaders - ClassTemplateLoader for Spring macros added to FreeMarker configuration
04-01-2018 22:14:52.809 [main] INFO  o.s.c.n.eureka.InstanceInfoFactory.create - Setting initial instance status as: STARTING
04-01-2018 22:14:52.842 [main] INFO  c.netflix.discovery.DiscoveryClient.<init> - Initializing Eureka in region us-east-1
04-01-2018 22:14:52.843 [main] INFO  c.netflix.discovery.DiscoveryClient.<init> - Client configured to neither register nor query for data.
04-01-2018 22:14:52.853 [main] INFO  c.netflix.discovery.DiscoveryClient.<init> - Discovery Client initialized at timestamp 1515114892853 with initial instances count: 0
04-01-2018 22:14:52.907 [main] INFO  c.n.e.DefaultEurekaServerContext.initialize - Initializing ...
04-01-2018 22:14:52.909 [main] WARN  c.n.eureka.cluster.PeerEurekaNodes.updatePeerEurekaNodes - The replica size seems to be empty. Check the route 53 DNS Registry
04-01-2018 22:14:52.919 [main] INFO  c.n.e.r.AbstractInstanceRegistry.initRemoteRegionRegistry - Finished initializing remote region registries. All known remote regions: []
04-01-2018 22:14:52.920 [main] INFO  c.n.e.DefaultEurekaServerContext.initialize - Initialized
04-01-2018 22:14:52.933 [main] WARN  o.s.c.s.e.s.EurekaServerStarterDeprecationWarningAutoConfiguration.logWarning - spring-cloud-starter-eureka-server is deprecated as of Spring Cloud Netflix 1.4.0, please migrate to spring-cloud-starter-netflix-eureka-server
04-01-2018 22:14:52.982 [main] INFO  o.s.j.e.a.AnnotationMBeanExporter.afterSingletonsInstantiated - Registering beans for JMX exposure on startup
04-01-2018 22:14:52.991 [main] INFO  o.s.j.e.a.AnnotationMBeanExporter.autodetect - Bean with name 'environmentManager' has been autodetected for JMX exposure
04-01-2018 22:14:52.994 [main] INFO  o.s.j.e.a.AnnotationMBeanExporter.autodetect - Bean with name 'configurationPropertiesRebinder' has been autodetected for JMX exposure
04-01-2018 22:14:52.994 [main] INFO  o.s.j.e.a.AnnotationMBeanExporter.autodetect - Bean with name 'refreshEndpoint' has been autodetected for JMX exposure
04-01-2018 22:14:52.996 [main] INFO  o.s.j.e.a.AnnotationMBeanExporter.autodetect - Bean with name 'serviceRegistryEndpoint' has been autodetected for JMX exposure
04-01-2018 22:14:52.997 [main] INFO  o.s.j.e.a.AnnotationMBeanExporter.autodetect - Bean with name 'refreshScope' has been autodetected for JMX exposure
04-01-2018 22:14:52.999 [main] INFO  o.s.j.e.a.AnnotationMBeanExporter.registerBeanInstance - Located managed bean 'environmentManager': registering with JMX server as MBean [org.springframework.cloud.context.environment:name=environmentManager,type=EnvironmentManager]
04-01-2018 22:14:53.014 [main] INFO  o.s.j.e.a.AnnotationMBeanExporter.registerBeanInstance - Located managed bean 'serviceRegistryEndpoint': registering with JMX server as MBean [org.springframework.cloud.client.serviceregistry.endpoint:name=serviceRegistryEndpoint,type=ServiceRegistryEndpoint]
04-01-2018 22:14:53.019 [main] INFO  o.s.j.e.a.AnnotationMBeanExporter.registerBeanInstance - Located managed bean 'refreshScope': registering with JMX server as MBean [org.springframework.cloud.context.scope.refresh:name=refreshScope,type=RefreshScope]
04-01-2018 22:14:53.028 [main] INFO  o.s.j.e.a.AnnotationMBeanExporter.registerBeanInstance - Located managed bean 'configurationPropertiesRebinder': registering with JMX server as MBean [org.springframework.cloud.context.properties:name=configurationPropertiesRebinder,context=1d869bf,type=ConfigurationPropertiesRebinder]
04-01-2018 22:14:53.033 [main] INFO  o.s.j.e.a.AnnotationMBeanExporter.registerBeanInstance - Located managed bean 'refreshEndpoint': registering with JMX server as MBean [org.springframework.cloud.endpoint:name=refreshEndpoint,type=RefreshEndpoint]
04-01-2018 22:14:53.222 [main] INFO  o.s.c.s.DefaultLifecycleProcessor.start - Starting beans in phase 0
04-01-2018 22:14:53.222 [main] INFO  o.s.c.n.e.s.EurekaServiceRegistry.register - Registering application Landscape-Eureka-Service with eureka with status UP
04-01-2018 22:14:53.257 [Thread-11] INFO  o.s.c.n.e.s.EurekaServerBootstrap.initEurekaEnvironment - Setting the eureka configuration..
04-01-2018 22:14:53.257 [Thread-11] INFO  o.s.c.n.e.s.EurekaServerBootstrap.initEurekaEnvironment - Eureka data center value eureka.datacenter is not set, defaulting to default
04-01-2018 22:14:53.259 [Thread-11] INFO  o.s.c.n.e.s.EurekaServerBootstrap.initEurekaEnvironment - Eureka environment value eureka.environment is not set, defaulting to test
04-01-2018 22:14:53.270 [Thread-11] INFO  o.s.c.n.e.s.EurekaServerBootstrap.isAws - isAws returned false
04-01-2018 22:14:53.271 [Thread-11] INFO  o.s.c.n.e.s.EurekaServerBootstrap.initEurekaServerContext - Initialized server context
04-01-2018 22:14:53.272 [Thread-11] INFO  c.n.e.r.PeerAwareInstanceRegistryImpl.openForTraffic - Got 1 instances from neighboring DS node
04-01-2018 22:14:53.272 [Thread-11] INFO  c.n.e.r.PeerAwareInstanceRegistryImpl.openForTraffic - Renew threshold is: 1
04-01-2018 22:14:53.274 [Thread-11] INFO  c.n.e.r.PeerAwareInstanceRegistryImpl.openForTraffic - Changing status to UP
04-01-2018 22:14:53.279 [Thread-11] INFO  o.s.c.n.e.s.EurekaServerInitializerConfiguration.run - Started Eureka Server
04-01-2018 22:14:53.309 [main] INFO  o.s.b.c.e.t.TomcatEmbeddedServletContainer.start - Tomcat started on port(s): 8761 (http)
04-01-2018 22:14:53.310 [main] INFO  o.s.c.n.e.s.EurekaAutoServiceRegistration.onApplicationEvent - Updating port to 8761
04-01-2018 22:14:53.314 [main] INFO  c.c.m.l.d.EurekaServerApplication.logStarted - Started EurekaServerApplication in 16.817 seconds (JVM running for 20.807)
04-01-2018 22:15:32.911 [http-nio-8761-exec-1] INFO  o.a.c.c.C.[Tomcat].[localhost].[/].log - Initializing Spring FrameworkServlet 'dispatcherServlet'
04-01-2018 22:15:32.912 [http-nio-8761-exec-1] INFO  o.s.web.servlet.DispatcherServlet.initServletBean - FrameworkServlet 'dispatcherServlet': initialization started
04-01-2018 22:15:32.940 [http-nio-8761-exec-1] INFO  o.s.web.servlet.DispatcherServlet.initServletBean - FrameworkServlet 'dispatcherServlet': initialization completed in 27 ms
04-01-2018 22:15:33.117 [http-nio-8761-exec-2] INFO  c.n.e.r.AbstractInstanceRegistry.register - Registered instance LANDSCAPE-PRIVATE-SERVICE/localhost:Landscape-Private-Service:8060 with status UP (replication=false)
04-01-2018 22:15:53.276 [Eureka-EvictionTimer] INFO  c.n.e.r.AbstractInstanceRegistry.run - Running the evict task with compensationTime 0ms
04-01-2018 22:16:03.124 [http-nio-8761-exec-8] INFO  c.n.e.r.AbstractInstanceRegistry.register - Registered instance LANDSCAPE-PUBLIC-SERVICE/localhost:Landscape-Public-Service:8050 with status UP (replication=false)
04-01-2018 22:16:53.278 [Eureka-EvictionTimer] INFO  c.n.e.r.AbstractInstanceRegistry.run - Running the evict task with compensationTime 1ms
04-01-2018 22:17:00.021 [http-nio-8761-exec-3] INFO  c.n.e.r.AbstractInstanceRegistry.register - Registered instance LANDSCAPE-PUBLIC-SERVICE/localhost:Landscape-Public-Service:8050 with status DOWN (replication=false)
04-01-2018 22:17:00.040 [http-nio-8761-exec-2] INFO  c.n.e.r.AbstractInstanceRegistry.internalCancel - Cancelled instance LANDSCAPE-PUBLIC-SERVICE/localhost:Landscape-Public-Service:8050 (replication=false)
04-01-2018 22:17:00.637 [Thread-13] INFO  o.s.b.c.e.AnnotationConfigEmbeddedWebApplicationContext.doClose - Closing org.springframework.boot.context.embedded.AnnotationConfigEmbeddedWebApplicationContext@1d869bf: startup date [Thu Jan 04 22:14:44 ART 2018]; parent: org.springframework.context.annotation.AnnotationConfigApplicationContext@32f5e3
04-01-2018 22:17:00.639 [Thread-13] INFO  o.s.c.n.e.s.EurekaServiceRegistry.deregister - Unregistering application Landscape-Eureka-Service with eureka with status DOWN
04-01-2018 22:17:00.644 [Thread-13] INFO  o.s.c.s.DefaultLifecycleProcessor.stop - Stopping beans in phase 0
04-01-2018 22:17:00.647 [Thread-13] INFO  c.n.e.DefaultEurekaServerContext.shutdown - Shutting down ...
04-01-2018 22:17:00.651 [Thread-13] INFO  c.n.e.DefaultEurekaServerContext.shutdown - Shut down
04-01-2018 22:17:00.657 [Thread-13] INFO  o.s.j.e.a.AnnotationMBeanExporter.destroy - Unregistering JMX-exposed beans on shutdown
04-01-2018 22:17:00.658 [Thread-13] INFO  o.s.j.e.a.AnnotationMBeanExporter.unregisterBeans - Unregistering JMX-exposed beans
04-01-2018 22:17:00.661 [Thread-13] INFO  c.netflix.discovery.DiscoveryClient.shutdown - Shutting down DiscoveryClient ...
04-01-2018 22:17:00.663 [Thread-13] INFO  c.netflix.discovery.DiscoveryClient.shutdown - Completed shut down of DiscoveryClient
