04-01-2018 22:14:10.835 [main] INFO  c.c.m.l.c.ConfigServerApplication.logStartupProfileInfo - No active profile set, falling back to default profiles: default
04-01-2018 22:14:10.847 [main] INFO  o.s.b.c.e.AnnotationConfigEmbeddedWebApplicationContext.prepareRefresh - Refreshing org.springframework.boot.context.embedded.AnnotationConfigEmbeddedWebApplicationContext@15271eb: startup date [Thu Jan 04 22:14:10 ART 2018]; parent: org.springframework.context.annotation.AnnotationConfigApplicationContext@8c837d
04-01-2018 22:14:11.400 [main] INFO  o.s.cloud.context.scope.GenericScope.setSerializationId - BeanFactory id=e7cb06c6-8224-3dd7-a5e3-a23c511cddc6
04-01-2018 22:14:11.459 [main] INFO  o.s.c.s.PostProcessorRegistrationDelegate$BeanPostProcessorChecker.postProcessAfterInitialization - Bean 'org.springframework.cloud.autoconfigure.ConfigurationPropertiesRebinderAutoConfiguration' of type [org.springframework.cloud.autoconfigure.ConfigurationPropertiesRebinderAutoConfiguration$$EnhancerBySpringCGLIB$$e9ec7c1e] is not eligible for getting processed by all BeanPostProcessors (for example: not eligible for auto-proxying)
04-01-2018 22:14:12.192 [main] INFO  o.s.b.c.e.t.TomcatEmbeddedServletContainer.initialize - Tomcat initialized with port(s): 8888 (http)
04-01-2018 22:14:12.201 [main] INFO  o.a.catalina.core.StandardService.log - Starting service [Tomcat]
04-01-2018 22:14:12.202 [main] INFO  o.a.catalina.core.StandardEngine.log - Starting Servlet Engine: Apache Tomcat/8.5.23
04-01-2018 22:14:12.276 [localhost-startStop-1] INFO  o.a.c.c.C.[Tomcat].[localhost].[/].log - Initializing Spring embedded WebApplicationContext
04-01-2018 22:14:12.277 [localhost-startStop-1] INFO  o.s.web.context.ContextLoader.prepareEmbeddedWebApplicationContext - Root WebApplicationContext: initialization completed in 1430 ms
04-01-2018 22:14:12.464 [localhost-startStop-1] INFO  o.s.b.w.s.ServletRegistrationBean.onStartup - Mapping servlet: 'dispatcherServlet' to [/]
04-01-2018 22:14:12.467 [localhost-startStop-1] INFO  o.s.b.w.s.FilterRegistrationBean.configure - Mapping filter: 'metricsFilter' to: [/*]
04-01-2018 22:14:12.468 [localhost-startStop-1] INFO  o.s.b.w.s.FilterRegistrationBean.configure - Mapping filter: 'characterEncodingFilter' to: [/*]
04-01-2018 22:14:12.469 [localhost-startStop-1] INFO  o.s.b.w.s.FilterRegistrationBean.configure - Mapping filter: 'hiddenHttpMethodFilter' to: [/*]
04-01-2018 22:14:12.470 [localhost-startStop-1] INFO  o.s.b.w.s.FilterRegistrationBean.configure - Mapping filter: 'httpPutFormContentFilter' to: [/*]
04-01-2018 22:14:12.471 [localhost-startStop-1] INFO  o.s.b.w.s.FilterRegistrationBean.configure - Mapping filter: 'requestContextFilter' to: [/*]
04-01-2018 22:14:12.472 [localhost-startStop-1] INFO  o.s.b.w.s.FilterRegistrationBean.configure - Mapping filter: 'webRequestLoggingFilter' to: [/*]
04-01-2018 22:14:12.473 [localhost-startStop-1] INFO  o.s.b.w.s.FilterRegistrationBean.configure - Mapping filter: 'applicationContextIdFilter' to: [/*]
04-01-2018 22:14:12.813 [main] INFO  o.s.w.s.m.m.a.RequestMappingHandlerAdapter.initControllerAdviceCache - Looking for @ControllerAdvice: org.springframework.boot.context.embedded.AnnotationConfigEmbeddedWebApplicationContext@15271eb: startup date [Thu Jan 04 22:14:10 ART 2018]; parent: org.springframework.context.annotation.AnnotationConfigApplicationContext@8c837d
04-01-2018 22:14:12.889 [main] INFO  o.s.w.s.m.m.a.RequestMappingHandlerMapping.register - Mapped "{[/error]}" onto public org.springframework.http.ResponseEntity<java.util.Map<java.lang.String, java.lang.Object>> org.springframework.boot.autoconfigure.web.BasicErrorController.error(javax.servlet.http.HttpServletRequest)
04-01-2018 22:14:12.890 [main] INFO  o.s.w.s.m.m.a.RequestMappingHandlerMapping.register - Mapped "{[/error],produces=[text/html]}" onto public org.springframework.web.servlet.ModelAndView org.springframework.boot.autoconfigure.web.BasicErrorController.errorHtml(javax.servlet.http.HttpServletRequest,javax.servlet.http.HttpServletResponse)
04-01-2018 22:14:12.899 [main] INFO  o.s.w.s.m.m.a.RequestMappingHandlerMapping.register - Mapped "{[/encrypt],methods=[POST]}" onto public java.lang.String org.springframework.cloud.config.server.encryption.EncryptionController.encrypt(java.lang.String,org.springframework.http.MediaType)
04-01-2018 22:14:12.900 [main] INFO  o.s.w.s.m.m.a.RequestMappingHandlerMapping.register - Mapped "{[/encrypt/{name}/{profiles}],methods=[POST]}" onto public java.lang.String org.springframework.cloud.config.server.encryption.EncryptionController.encrypt(java.lang.String,java.lang.String,java.lang.String,org.springframework.http.MediaType)
04-01-2018 22:14:12.901 [main] INFO  o.s.w.s.m.m.a.RequestMappingHandlerMapping.register - Mapped "{[/decrypt/{name}/{profiles}],methods=[POST]}" onto public java.lang.String org.springframework.cloud.config.server.encryption.EncryptionController.decrypt(java.lang.String,java.lang.String,java.lang.String,org.springframework.http.MediaType)
04-01-2018 22:14:12.902 [main] INFO  o.s.w.s.m.m.a.RequestMappingHandlerMapping.register - Mapped "{[/decrypt],methods=[POST]}" onto public java.lang.String org.springframework.cloud.config.server.encryption.EncryptionController.decrypt(java.lang.String,org.springframework.http.MediaType)
04-01-2018 22:14:12.903 [main] INFO  o.s.w.s.m.m.a.RequestMappingHandlerMapping.register - Mapped "{[/encrypt/status],methods=[GET]}" onto public java.util.Map<java.lang.String, java.lang.Object> org.springframework.cloud.config.server.encryption.EncryptionController.status()
04-01-2018 22:14:12.904 [main] INFO  o.s.w.s.m.m.a.RequestMappingHandlerMapping.register - Mapped "{[/key],methods=[GET]}" onto public java.lang.String org.springframework.cloud.config.server.encryption.EncryptionController.getPublicKey()
04-01-2018 22:14:12.905 [main] INFO  o.s.w.s.m.m.a.RequestMappingHandlerMapping.register - Mapped "{[/key/{name}/{profiles}],methods=[GET]}" onto public java.lang.String org.springframework.cloud.config.server.encryption.EncryptionController.getPublicKey(java.lang.String,java.lang.String)
04-01-2018 22:14:12.909 [main] INFO  o.s.w.s.m.m.a.RequestMappingHandlerMapping.register - Mapped "{[/{name}-{profiles}.properties],methods=[GET]}" onto public org.springframework.http.ResponseEntity<java.lang.String> org.springframework.cloud.config.server.environment.EnvironmentController.properties(java.lang.String,java.lang.String,boolean) throws java.io.IOException
04-01-2018 22:14:12.910 [main] INFO  o.s.w.s.m.m.a.RequestMappingHandlerMapping.register - Mapped "{[/{name}-{profiles}.yml || /{name}-{profiles}.yaml],methods=[GET]}" onto public org.springframework.http.ResponseEntity<java.lang.String> org.springframework.cloud.config.server.environment.EnvironmentController.yaml(java.lang.String,java.lang.String,boolean) throws java.lang.Exception
04-01-2018 22:14:12.911 [main] INFO  o.s.w.s.m.m.a.RequestMappingHandlerMapping.register - Mapped "{[/{name}/{profiles}/{label:.*}],methods=[GET]}" onto public org.springframework.cloud.config.environment.Environment org.springframework.cloud.config.server.environment.EnvironmentController.labelled(java.lang.String,java.lang.String,java.lang.String)
04-01-2018 22:14:12.911 [main] INFO  o.s.w.s.m.m.a.RequestMappingHandlerMapping.register - Mapped "{[/{name}/{profiles:.*[^-].*}],methods=[GET]}" onto public org.springframework.cloud.config.environment.Environment org.springframework.cloud.config.server.environment.EnvironmentController.defaultLabel(java.lang.String,java.lang.String)
04-01-2018 22:14:12.912 [main] INFO  o.s.w.s.m.m.a.RequestMappingHandlerMapping.register - Mapped "{[/{label}/{name}-{profiles}.json],methods=[GET]}" onto public org.springframework.http.ResponseEntity<java.lang.String> org.springframework.cloud.config.server.environment.EnvironmentController.labelledJsonProperties(java.lang.String,java.lang.String,java.lang.String,boolean) throws java.lang.Exception
04-01-2018 22:14:12.913 [main] INFO  o.s.w.s.m.m.a.RequestMappingHandlerMapping.register - Mapped "{[/{label}/{name}-{profiles}.properties],methods=[GET]}" onto public org.springframework.http.ResponseEntity<java.lang.String> org.springframework.cloud.config.server.environment.EnvironmentController.labelledProperties(java.lang.String,java.lang.String,java.lang.String,boolean) throws java.io.IOException
04-01-2018 22:14:12.914 [main] INFO  o.s.w.s.m.m.a.RequestMappingHandlerMapping.register - Mapped "{[/{name}-{profiles}.json],methods=[GET]}" onto public org.springframework.http.ResponseEntity<java.lang.String> org.springframework.cloud.config.server.environment.EnvironmentController.jsonProperties(java.lang.String,java.lang.String,boolean) throws java.lang.Exception
04-01-2018 22:14:12.914 [main] INFO  o.s.w.s.m.m.a.RequestMappingHandlerMapping.register - Mapped "{[/{label}/{name}-{profiles}.yml || /{label}/{name}-{profiles}.yaml],methods=[GET]}" onto public org.springframework.http.ResponseEntity<java.lang.String> org.springframework.cloud.config.server.environment.EnvironmentController.labelledYaml(java.lang.String,java.lang.String,java.lang.String,boolean) throws java.lang.Exception
04-01-2018 22:14:12.918 [main] INFO  o.s.w.s.m.m.a.RequestMappingHandlerMapping.register - Mapped "{[/{name}/{profile}/{label}/**],methods=[GET],produces=[application/octet-stream]}" onto public synchronized byte[] org.springframework.cloud.config.server.resource.ResourceController.binary(java.lang.String,java.lang.String,java.lang.String,javax.servlet.http.HttpServletRequest) throws java.io.IOException
04-01-2018 22:14:12.920 [main] INFO  o.s.w.s.m.m.a.RequestMappingHandlerMapping.register - Mapped "{[/{name}/{profile}/{label}/**],methods=[GET]}" onto public java.lang.String org.springframework.cloud.config.server.resource.ResourceController.retrieve(java.lang.String,java.lang.String,java.lang.String,javax.servlet.http.HttpServletRequest,boolean) throws java.io.IOException
04-01-2018 22:14:12.921 [main] INFO  o.s.w.s.m.m.a.RequestMappingHandlerMapping.register - Mapped "{[/{name}/{profile}/**],methods=[GET],params=[useDefaultLabel]}" onto public java.lang.String org.springframework.cloud.config.server.resource.ResourceController.retrieve(java.lang.String,java.lang.String,javax.servlet.http.HttpServletRequest,boolean) throws java.io.IOException
04-01-2018 22:14:12.944 [main] INFO  o.s.w.s.h.SimpleUrlHandlerMapping.registerHandler - Mapped URL path [/webjars/**] onto handler of type [class org.springframework.web.servlet.resource.ResourceHttpRequestHandler]
04-01-2018 22:14:12.945 [main] INFO  o.s.w.s.h.SimpleUrlHandlerMapping.registerHandler - Mapped URL path [/**] onto handler of type [class org.springframework.web.servlet.resource.ResourceHttpRequestHandler]
04-01-2018 22:14:12.975 [main] INFO  o.s.w.s.h.SimpleUrlHandlerMapping.registerHandler - Mapped URL path [/**/favicon.ico] onto handler of type [class org.springframework.web.servlet.resource.ResourceHttpRequestHandler]
04-01-2018 22:14:13.338 [main] INFO  o.s.b.a.e.mvc.EndpointHandlerMapping.register - Mapped "{[/env],methods=[POST]}" onto public java.lang.Object org.springframework.cloud.context.environment.EnvironmentManagerMvcEndpoint.value(java.util.Map<java.lang.String, java.lang.String>)
04-01-2018 22:14:13.338 [main] INFO  o.s.b.a.e.mvc.EndpointHandlerMapping.register - Mapped "{[/env/reset],methods=[POST]}" onto public java.util.Map<java.lang.String, java.lang.Object> org.springframework.cloud.context.environment.EnvironmentManagerMvcEndpoint.reset()
04-01-2018 22:14:13.341 [main] INFO  o.s.b.a.e.mvc.EndpointHandlerMapping.register - Mapped "{[/beans || /beans.json],methods=[GET],produces=[application/vnd.spring-boot.actuator.v1+json || application/json]}" onto public java.lang.Object org.springframework.boot.actuate.endpoint.mvc.EndpointMvcAdapter.invoke()
04-01-2018 22:14:13.342 [main] INFO  o.s.b.a.e.mvc.EndpointHandlerMapping.register - Mapped "{[/auditevents || /auditevents.json],methods=[GET],produces=[application/vnd.spring-boot.actuator.v1+json || application/json]}" onto public org.springframework.http.ResponseEntity<?> org.springframework.boot.actuate.endpoint.mvc.AuditEventsMvcEndpoint.findByPrincipalAndAfterAndType(java.lang.String,java.util.Date,java.lang.String)
04-01-2018 22:14:13.342 [main] INFO  o.s.b.a.e.mvc.EndpointHandlerMapping.register - Mapped "{[/features || /features.json],methods=[GET],produces=[application/vnd.spring-boot.actuator.v1+json || application/json]}" onto public java.lang.Object org.springframework.boot.actuate.endpoint.mvc.EndpointMvcAdapter.invoke()
04-01-2018 22:14:13.343 [main] INFO  o.s.b.a.e.mvc.EndpointHandlerMapping.register - Mapped "{[/metrics/{name:.*}],methods=[GET],produces=[application/vnd.spring-boot.actuator.v1+json || application/json]}" onto public java.lang.Object org.springframework.boot.actuate.endpoint.mvc.MetricsMvcEndpoint.value(java.lang.String)
04-01-2018 22:14:13.344 [main] INFO  o.s.b.a.e.mvc.EndpointHandlerMapping.register - Mapped "{[/metrics || /metrics.json],methods=[GET],produces=[application/vnd.spring-boot.actuator.v1+json || application/json]}" onto public java.lang.Object org.springframework.boot.actuate.endpoint.mvc.EndpointMvcAdapter.invoke()
04-01-2018 22:14:13.345 [main] INFO  o.s.b.a.e.mvc.EndpointHandlerMapping.register - Mapped "{[/mappings || /mappings.json],methods=[GET],produces=[application/vnd.spring-boot.actuator.v1+json || application/json]}" onto public java.lang.Object org.springframework.boot.actuate.endpoint.mvc.EndpointMvcAdapter.invoke()
04-01-2018 22:14:13.345 [main] INFO  o.s.b.a.e.mvc.EndpointHandlerMapping.register - Mapped "{[/heapdump || /heapdump.json],methods=[GET],produces=[application/octet-stream]}" onto public void org.springframework.boot.actuate.endpoint.mvc.HeapdumpMvcEndpoint.invoke(boolean,javax.servlet.http.HttpServletRequest,javax.servlet.http.HttpServletResponse) throws java.io.IOException,javax.servlet.ServletException
04-01-2018 22:14:13.346 [main] INFO  o.s.b.a.e.mvc.EndpointHandlerMapping.register - Mapped "{[/configprops || /configprops.json],methods=[GET],produces=[application/vnd.spring-boot.actuator.v1+json || application/json]}" onto public java.lang.Object org.springframework.boot.actuate.endpoint.mvc.EndpointMvcAdapter.invoke()
04-01-2018 22:14:13.347 [main] INFO  o.s.b.a.e.mvc.EndpointHandlerMapping.register - Mapped "{[/logfile || /logfile.json],methods=[GET || HEAD]}" onto public void org.springframework.boot.actuate.endpoint.mvc.LogFileMvcEndpoint.invoke(javax.servlet.http.HttpServletRequest,javax.servlet.http.HttpServletResponse) throws javax.servlet.ServletException,java.io.IOException
04-01-2018 22:14:13.348 [main] INFO  o.s.b.a.e.mvc.EndpointHandlerMapping.register - Mapped "{[/loggers/{name:.*}],methods=[GET],produces=[application/vnd.spring-boot.actuator.v1+json || application/json]}" onto public java.lang.Object org.springframework.boot.actuate.endpoint.mvc.LoggersMvcEndpoint.get(java.lang.String)
04-01-2018 22:14:13.349 [main] INFO  o.s.b.a.e.mvc.EndpointHandlerMapping.register - Mapped "{[/loggers/{name:.*}],methods=[POST],consumes=[application/vnd.spring-boot.actuator.v1+json || application/json],produces=[application/vnd.spring-boot.actuator.v1+json || application/json]}" onto public java.lang.Object org.springframework.boot.actuate.endpoint.mvc.LoggersMvcEndpoint.set(java.lang.String,java.util.Map<java.lang.String, java.lang.String>)
04-01-2018 22:14:13.351 [main] INFO  o.s.b.a.e.mvc.EndpointHandlerMapping.register - Mapped "{[/loggers || /loggers.json],methods=[GET],produces=[application/vnd.spring-boot.actuator.v1+json || application/json]}" onto public java.lang.Object org.springframework.boot.actuate.endpoint.mvc.EndpointMvcAdapter.invoke()
04-01-2018 22:14:13.353 [main] INFO  o.s.b.a.e.mvc.EndpointHandlerMapping.register - Mapped "{[/dump || /dump.json],methods=[GET],produces=[application/vnd.spring-boot.actuator.v1+json || application/json]}" onto public java.lang.Object org.springframework.boot.actuate.endpoint.mvc.EndpointMvcAdapter.invoke()
04-01-2018 22:14:13.353 [main] INFO  o.s.b.a.e.mvc.EndpointHandlerMapping.register - Mapped "{[/health || /health.json],methods=[GET],produces=[application/vnd.spring-boot.actuator.v1+json || application/json]}" onto public java.lang.Object org.springframework.boot.actuate.endpoint.mvc.HealthMvcEndpoint.invoke(javax.servlet.http.HttpServletRequest,java.security.Principal)
04-01-2018 22:14:13.354 [main] INFO  o.s.b.a.e.mvc.EndpointHandlerMapping.register - Mapped "{[/trace || /trace.json],methods=[GET],produces=[application/vnd.spring-boot.actuator.v1+json || application/json]}" onto public java.lang.Object org.springframework.boot.actuate.endpoint.mvc.EndpointMvcAdapter.invoke()
04-01-2018 22:14:13.355 [main] INFO  o.s.b.a.e.mvc.EndpointHandlerMapping.register - Mapped "{[/autoconfig || /autoconfig.json],methods=[GET],produces=[application/vnd.spring-boot.actuator.v1+json || application/json]}" onto public java.lang.Object org.springframework.boot.actuate.endpoint.mvc.EndpointMvcAdapter.invoke()
04-01-2018 22:14:13.355 [main] INFO  o.s.b.a.e.mvc.EndpointHandlerMapping.register - Mapped "{[/refresh || /refresh.json],methods=[POST]}" onto public java.lang.Object org.springframework.cloud.endpoint.GenericPostableMvcEndpoint.invoke()
04-01-2018 22:14:13.356 [main] INFO  o.s.b.a.e.mvc.EndpointHandlerMapping.register - Mapped "{[/info || /info.json],methods=[GET],produces=[application/vnd.spring-boot.actuator.v1+json || application/json]}" onto public java.lang.Object org.springframework.boot.actuate.endpoint.mvc.EndpointMvcAdapter.invoke()
04-01-2018 22:14:13.357 [main] INFO  o.s.b.a.e.mvc.EndpointHandlerMapping.register - Mapped "{[/env/{name:.*}],methods=[GET],produces=[application/vnd.spring-boot.actuator.v1+json || application/json]}" onto public java.lang.Object org.springframework.boot.actuate.endpoint.mvc.EnvironmentMvcEndpoint.value(java.lang.String)
04-01-2018 22:14:13.357 [main] INFO  o.s.b.a.e.mvc.EndpointHandlerMapping.register - Mapped "{[/env || /env.json],methods=[GET],produces=[application/vnd.spring-boot.actuator.v1+json || application/json]}" onto public java.lang.Object org.springframework.boot.actuate.endpoint.mvc.EndpointMvcAdapter.invoke()
04-01-2018 22:14:15.469 [main] INFO  o.s.cloud.commons.util.InetUtils.convertAddress - Cannot determine local hostname
04-01-2018 22:14:15.636 [main] INFO  o.s.j.e.a.AnnotationMBeanExporter.afterSingletonsInstantiated - Registering beans for JMX exposure on startup
04-01-2018 22:14:15.645 [main] INFO  o.s.j.e.a.AnnotationMBeanExporter.autodetect - Bean with name 'configurationPropertiesRebinder' has been autodetected for JMX exposure
04-01-2018 22:14:15.645 [main] INFO  o.s.j.e.a.AnnotationMBeanExporter.autodetect - Bean with name 'refreshEndpoint' has been autodetected for JMX exposure
04-01-2018 22:14:15.646 [main] INFO  o.s.j.e.a.AnnotationMBeanExporter.autodetect - Bean with name 'environmentManager' has been autodetected for JMX exposure
04-01-2018 22:14:15.649 [main] INFO  o.s.j.e.a.AnnotationMBeanExporter.autodetect - Bean with name 'refreshScope' has been autodetected for JMX exposure
04-01-2018 22:14:15.650 [main] INFO  o.s.j.e.a.AnnotationMBeanExporter.registerBeanInstance - Located managed bean 'environmentManager': registering with JMX server as MBean [org.springframework.cloud.context.environment:name=environmentManager,type=EnvironmentManager]
04-01-2018 22:14:15.665 [main] INFO  o.s.j.e.a.AnnotationMBeanExporter.registerBeanInstance - Located managed bean 'refreshScope': registering with JMX server as MBean [org.springframework.cloud.context.scope.refresh:name=refreshScope,type=RefreshScope]
04-01-2018 22:14:15.674 [main] INFO  o.s.j.e.a.AnnotationMBeanExporter.registerBeanInstance - Located managed bean 'configurationPropertiesRebinder': registering with JMX server as MBean [org.springframework.cloud.context.properties:name=configurationPropertiesRebinder,context=15271eb,type=ConfigurationPropertiesRebinder]
04-01-2018 22:14:15.678 [main] INFO  o.s.j.e.a.AnnotationMBeanExporter.registerBeanInstance - Located managed bean 'refreshEndpoint': registering with JMX server as MBean [org.springframework.cloud.endpoint:name=refreshEndpoint,type=RefreshEndpoint]
04-01-2018 22:14:15.784 [main] INFO  o.s.c.s.DefaultLifecycleProcessor.start - Starting beans in phase 0
04-01-2018 22:14:15.859 [main] INFO  o.s.b.c.e.t.TomcatEmbeddedServletContainer.start - Tomcat started on port(s): 8888 (http)
04-01-2018 22:14:15.863 [main] INFO  c.c.m.l.c.ConfigServerApplication.logStarted - Started ConfigServerApplication in 10.067 seconds (JVM running for 13.63)
04-01-2018 22:14:41.816 [http-nio-8888-exec-1] INFO  o.a.c.c.C.[Tomcat].[localhost].[/].log - Initializing Spring FrameworkServlet 'dispatcherServlet'
04-01-2018 22:14:41.817 [http-nio-8888-exec-1] INFO  o.s.web.servlet.DispatcherServlet.initServletBean - FrameworkServlet 'dispatcherServlet': initialization started
04-01-2018 22:14:41.836 [http-nio-8888-exec-1] INFO  o.s.web.servlet.DispatcherServlet.initServletBean - FrameworkServlet 'dispatcherServlet': initialization completed in 18 ms
04-01-2018 22:14:41.999 [http-nio-8888-exec-1] INFO  o.s.c.c.s.e.MultipleJGitEnvironmentRepository.shouldPull - Cannot pull from remote https://github.com/garystafford/spring-cloud-demo-config-repo, the working tree is not clean.
04-01-2018 22:14:44.139 [http-nio-8888-exec-1] INFO  o.s.cloud.commons.util.InetUtils.convertAddress - Cannot determine local hostname
04-01-2018 22:14:44.248 [http-nio-8888-exec-1] INFO  o.s.c.a.AnnotationConfigApplicationContext.prepareRefresh - Refreshing org.springframework.context.annotation.AnnotationConfigApplicationContext@bc7b4f: startup date [Thu Jan 04 22:14:44 ART 2018]; root of context hierarchy
04-01-2018 22:14:44.294 [http-nio-8888-exec-1] INFO  o.s.c.c.s.e.NativeEnvironmentRepository.clean - Adding property source: file:/C:/workspaces/Technologies/Microservice-Landscape/Microservice-Landscape/Landscape-config-repo/Landscape-Eureka-Service.properties
04-01-2018 22:14:44.295 [http-nio-8888-exec-1] INFO  o.s.c.a.AnnotationConfigApplicationContext.doClose - Closing org.springframework.context.annotation.AnnotationConfigApplicationContext@bc7b4f: startup date [Thu Jan 04 22:14:44 ART 2018]; root of context hierarchy
04-01-2018 22:15:19.417 [http-nio-8888-exec-3] INFO  o.s.c.c.s.e.MultipleJGitEnvironmentRepository.shouldPull - Cannot pull from remote https://github.com/garystafford/spring-cloud-demo-config-repo, the working tree is not clean.
04-01-2018 22:15:21.507 [http-nio-8888-exec-3] INFO  o.s.cloud.commons.util.InetUtils.convertAddress - Cannot determine local hostname
04-01-2018 22:15:21.584 [http-nio-8888-exec-3] INFO  o.s.c.a.AnnotationConfigApplicationContext.prepareRefresh - Refreshing org.springframework.context.annotation.AnnotationConfigApplicationContext@19dd0be: startup date [Thu Jan 04 22:15:21 ART 2018]; root of context hierarchy
04-01-2018 22:15:21.597 [http-nio-8888-exec-3] INFO  o.s.c.c.s.e.NativeEnvironmentRepository.clean - Adding property source: file:/C:/workspaces/Technologies/Microservice-Landscape/Microservice-Landscape/Landscape-config-repo/Landscape-Private-Service.properties
04-01-2018 22:15:21.597 [http-nio-8888-exec-3] INFO  o.s.c.a.AnnotationConfigApplicationContext.doClose - Closing org.springframework.context.annotation.AnnotationConfigApplicationContext@19dd0be: startup date [Thu Jan 04 22:15:21 ART 2018]; root of context hierarchy
04-01-2018 22:15:49.364 [http-nio-8888-exec-5] INFO  o.s.c.c.s.e.MultipleJGitEnvironmentRepository.shouldPull - Cannot pull from remote https://github.com/garystafford/spring-cloud-demo-config-repo, the working tree is not clean.
04-01-2018 22:15:51.448 [http-nio-8888-exec-5] INFO  o.s.cloud.commons.util.InetUtils.convertAddress - Cannot determine local hostname
04-01-2018 22:15:51.550 [http-nio-8888-exec-5] INFO  o.s.c.a.AnnotationConfigApplicationContext.prepareRefresh - Refreshing org.springframework.context.annotation.AnnotationConfigApplicationContext@1f2f2c2: startup date [Thu Jan 04 22:15:51 ART 2018]; root of context hierarchy
04-01-2018 22:15:51.562 [http-nio-8888-exec-5] INFO  o.s.c.c.s.e.NativeEnvironmentRepository.clean - Adding property source: file:/C:/workspaces/Technologies/Microservice-Landscape/Microservice-Landscape/Landscape-config-repo/Landscape-Public-Service.properties
04-01-2018 22:15:51.563 [http-nio-8888-exec-5] INFO  o.s.c.a.AnnotationConfigApplicationContext.doClose - Closing org.springframework.context.annotation.AnnotationConfigApplicationContext@1f2f2c2: startup date [Thu Jan 04 22:15:51 ART 2018]; root of context hierarchy
04-01-2018 22:17:01.360 [Thread-7] INFO  o.s.b.c.e.AnnotationConfigEmbeddedWebApplicationContext.doClose - Closing org.springframework.boot.context.embedded.AnnotationConfigEmbeddedWebApplicationContext@15271eb: startup date [Thu Jan 04 22:14:10 ART 2018]; parent: org.springframework.context.annotation.AnnotationConfigApplicationContext@8c837d
04-01-2018 22:17:01.362 [Thread-7] INFO  o.s.c.s.DefaultLifecycleProcessor.stop - Stopping beans in phase 0
04-01-2018 22:17:01.364 [Thread-7] INFO  o.s.j.e.a.AnnotationMBeanExporter.destroy - Unregistering JMX-exposed beans on shutdown
04-01-2018 22:17:01.365 [Thread-7] INFO  o.s.j.e.a.AnnotationMBeanExporter.unregisterBeans - Unregistering JMX-exposed beans
